Using pre-set license
Built from '2020.3/staging' branch; Version is '2020.3.3f1 (76626098c1c4) revision 7758432'; Using compiler version '192528614'; Build Type 'Release'
OS: 'Windows 10 Home; OS build 19044.1889; Version 2009; 64bit' Language: 'en' Physical Memory: 16145 MB
BatchMode: 1, IsHumanControllingUs: 0, StartBugReporterOnCrash: 0, Is64bit: 1, IsPro: 0

 COMMAND LINE ARGUMENTS:
C:\Program Files\Unity\Hub\Editor\2020.3.3f1\Editor\Unity.exe
-adb2
-batchMode
-noUpm
-name
AssetImportWorker0
-projectPath
C:/Users/termi/Desktop/Ontario Tech/Game Engine Design Lab
-logFile
Logs/AssetImportWorker0.log
-srvPort
59090
Successfully changed project path to: C:/Users/termi/Desktop/Ontario Tech/Game Engine Design Lab
C:/Users/termi/Desktop/Ontario Tech/Game Engine Design Lab
Using Asset Import Pipeline V2.
Refreshing native plugins compatible for Editor in 45.39 ms, found 0 plugins.
Preloading 0 native plugins for Editor in 0.00 ms.
Initialize engine version: 2020.3.3f1 (76626098c1c4)
[Subsystems] Discovering subsystems at path C:/Program Files/Unity/Hub/Editor/2020.3.3f1/Editor/Data/Resources/UnitySubsystems
[Subsystems] Discovering subsystems at path C:/Users/termi/Desktop/Ontario Tech/Game Engine Design Lab/Assets
GfxDevice: creating device client; threaded=0
Direct3D:
    Version:  Direct3D 11.0 [level 11.1]
    Renderer: NVIDIA GeForce RTX 2070 (ID=0x1f14)
    Vendor:   
    VRAM:     8031 MB
    Driver:   27.21.14.6231
Initialize mono
Mono path[0] = 'C:/Program Files/Unity/Hub/Editor/2020.3.3f1/Editor/Data/Managed'
Mono path[1] = 'C:/Program Files/Unity/Hub/Editor/2020.3.3f1/Editor/Data/MonoBleedingEdge/lib/mono/unityjit'
Mono config path = 'C:/Program Files/Unity/Hub/Editor/2020.3.3f1/Editor/Data/MonoBleedingEdge/etc'
Using monoOptions --debugger-agent=transport=dt_socket,embedding=1,server=y,suspend=n,address=127.0.0.1:56760
Begin MonoManager ReloadAssembly
Registering precompiled unity dll's ...
Register platform support module: C:/Program Files/Unity/Hub/Editor/2020.3.3f1/Editor/Data/PlaybackEngines/WindowsStandaloneSupport/UnityEditor.WindowsStandalone.Extensions.dll
Registered in 0.002878 seconds.
Native extension for WindowsStandalone target not found
Refreshing native plugins compatible for Editor in 44.83 ms, found 0 plugins.
Preloading 0 native plugins for Editor in 0.00 ms.
Invoked RoslynAnalysisRunner static constructor.
RoslynAnalysisRunner will not be running.
RoslynAnalysisRunner has terminated.
Mono: successfully reloaded assembly
- Completed reload, in  1.439 seconds
Platform modules already initialized, skipping
Registering precompiled user dll's ...
Registered in 0.001081 seconds.
Begin MonoManager ReloadAssembly
Native extension for WindowsStandalone target not found
Refreshing native plugins compatible for Editor in 62.08 ms, found 0 plugins.
Preloading 0 native plugins for Editor in 0.00 ms.
Invoked RoslynAnalysisRunner static constructor.
RoslynAnalysisRunner will not be running.
RoslynAnalysisRunner has terminated.
Mono: successfully reloaded assembly
- Completed reload, in  1.271 seconds
Platform modules already initialized, skipping
========================================================================
Worker process is ready to serve import requests
Launched and connected shader compiler UnityShaderCompiler.exe after 0.05 seconds
Refreshing native plugins compatible for Editor in 0.36 ms, found 0 plugins.
Preloading 0 native plugins for Editor in 0.00 ms.
Unloading 1411 Unused Serialized files (Serialized files now loaded: 0)
System memory in use before: 68.4 MB.
System memory in use after: 68.4 MB.

Unloading 11 unused Assets to reduce memory usage. Loaded Objects now: 1856.
Total: 2.595000 ms (FindLiveObjects: 0.234400 ms CreateObjectMapping: 0.095300 ms MarkObjects: 2.192200 ms  DeleteObjects: 0.071500 ms)

========================================================================
Received Import Request.
  path: Assets/PlayerActions.inputactions
  artifactKey: Guid(da817086014c98f46a2b31b49dcfb1e9) Importer(815301076,1909f56bfc062723c751e8b465ee728b)
Start importing Assets/PlayerActions.inputactions using Guid(da817086014c98f46a2b31b49dcfb1e9) Importer(815301076,1909f56bfc062723c751e8b465ee728b)  -> (artifact id: 'e110cfd1ff678dd97059dd1d5302e7b2') in 0.035911 seconds
  Import took 0.038769 seconds .

========================================================================
Received Import Request.
  Time since last request: 942.970928 seconds.
  path: Assets/PlayerActions.inputactions
  artifactKey: Guid(da817086014c98f46a2b31b49dcfb1e9) Importer(815301076,1909f56bfc062723c751e8b465ee728b)
Start importing Assets/PlayerActions.inputactions using Guid(da817086014c98f46a2b31b49dcfb1e9) Importer(815301076,1909f56bfc062723c751e8b465ee728b)  -> (artifact id: 'd946b04063b31fe9114b74785372735c') in 0.008144 seconds
  Import took 0.012044 seconds .

========================================================================
Received Import Request.
  Time since last request: 63.979233 seconds.
  path: Assets/PlayerActions.inputactions
  artifactKey: Guid(da817086014c98f46a2b31b49dcfb1e9) Importer(815301076,1909f56bfc062723c751e8b465ee728b)
Start importing Assets/PlayerActions.inputactions using Guid(da817086014c98f46a2b31b49dcfb1e9) Importer(815301076,1909f56bfc062723c751e8b465ee728b)  -> (artifact id: '08668ef37b68ce94086b4a14099ff016') in 0.004690 seconds
  Import took 0.008532 seconds .

========================================================================
Received Import Request.
  Time since last request: 7.470093 seconds.
  path: Assets/PlayerActions.inputactions
  artifactKey: Guid(da817086014c98f46a2b31b49dcfb1e9) Importer(815301076,1909f56bfc062723c751e8b465ee728b)
Start importing Assets/PlayerActions.inputactions using Guid(da817086014c98f46a2b31b49dcfb1e9) Importer(815301076,1909f56bfc062723c751e8b465ee728b)  -> (artifact id: 'e8d3140c16e3280b84055a0249388481') in 0.004714 seconds
  Import took 0.008365 seconds .

========================================================================
Received Import Request.
  Time since last request: 10.189436 seconds.
  path: Assets/PlayerActions.inputactions
  artifactKey: Guid(da817086014c98f46a2b31b49dcfb1e9) Importer(815301076,1909f56bfc062723c751e8b465ee728b)
Start importing Assets/PlayerActions.inputactions using Guid(da817086014c98f46a2b31b49dcfb1e9) Importer(815301076,1909f56bfc062723c751e8b465ee728b)  -> (artifact id: '342ae0f5eeabd2b501eb1fd3fd0c2de3') in 0.004535 seconds
  Import took 0.008594 seconds .

========================================================================
Received Import Request.
  Time since last request: 6.000325 seconds.
  path: Assets/PlayerActions.inputactions
  artifactKey: Guid(da817086014c98f46a2b31b49dcfb1e9) Importer(815301076,1909f56bfc062723c751e8b465ee728b)
Start importing Assets/PlayerActions.inputactions using Guid(da817086014c98f46a2b31b49dcfb1e9) Importer(815301076,1909f56bfc062723c751e8b465ee728b)  -> (artifact id: '326e57fe7833efe08e09301f3d8b5b1e') in 0.004677 seconds
  Import took 0.008180 seconds .

========================================================================
Received Import Request.
  Time since last request: 6.011774 seconds.
  path: Assets/PlayerActions.inputactions
  artifactKey: Guid(da817086014c98f46a2b31b49dcfb1e9) Importer(815301076,1909f56bfc062723c751e8b465ee728b)
Start importing Assets/PlayerActions.inputactions using Guid(da817086014c98f46a2b31b49dcfb1e9) Importer(815301076,1909f56bfc062723c751e8b465ee728b)  -> (artifact id: '93bb1ad7f5e7a9825b395493b6a53653') in 0.005044 seconds
  Import took 0.008428 seconds .

========================================================================
Received Import Request.
  Time since last request: 4.985990 seconds.
  path: Assets/PlayerActions.inputactions
  artifactKey: Guid(da817086014c98f46a2b31b49dcfb1e9) Importer(815301076,1909f56bfc062723c751e8b465ee728b)
Start importing Assets/PlayerActions.inputactions using Guid(da817086014c98f46a2b31b49dcfb1e9) Importer(815301076,1909f56bfc062723c751e8b465ee728b)  -> (artifact id: '7f983c0ac28727a46bfefefbc4d522d8') in 0.005355 seconds
  Import took 0.008568 seconds .

========================================================================
Received Import Request.
  Time since last request: 74.837346 seconds.
  path: Assets/PlayerAnimator.controller
  artifactKey: Guid(d366d41c5e31d764e8595e58a0fc9cb1) Importer(815301076,1909f56bfc062723c751e8b465ee728b)
Start importing Assets/PlayerAnimator.controller using Guid(d366d41c5e31d764e8595e58a0fc9cb1) Importer(815301076,1909f56bfc062723c751e8b465ee728b)  -> (artifact id: '1aaa1e8634ce5e59d6d665f3ae5bb5ff') in 0.014938 seconds
  Import took 0.018083 seconds .

========================================================================
Received Import Request.
  Time since last request: 21.325409 seconds.
  path: Assets/PlayerActions.inputactions
  artifactKey: Guid(da817086014c98f46a2b31b49dcfb1e9) Importer(815301076,1909f56bfc062723c751e8b465ee728b)
Start importing Assets/PlayerActions.inputactions using Guid(da817086014c98f46a2b31b49dcfb1e9) Importer(815301076,1909f56bfc062723c751e8b465ee728b)  -> (artifact id: '3e467a1cf437392f3d46f6a45ff5c397') in 0.004428 seconds
  Import took 0.007497 seconds .

========================================================================
Received Import Request.
  Time since last request: 63.930422 seconds.
  path: Assets/PlayerActions.cs
  artifactKey: Guid(7caf1db22107d934ebd295a3ac78eb34) Importer(815301076,1909f56bfc062723c751e8b465ee728b)
Start importing Assets/PlayerActions.cs using Guid(7caf1db22107d934ebd295a3ac78eb34) Importer(815301076,1909f56bfc062723c751e8b465ee728b)  -> (artifact id: '4abfff222fd3222ebc825ef096f69930') in 0.006467 seconds
  Import took 0.009688 seconds .

========================================================================
Received Import Request.
  Time since last request: 0.001502 seconds.
  path: Assets/PlayerActions.cs
  artifactKey: Guid(7caf1db22107d934ebd295a3ac78eb34) Importer(815301076,1909f56bfc062723c751e8b465ee728b)
Start importing Assets/PlayerActions.cs using Guid(7caf1db22107d934ebd295a3ac78eb34) Importer(815301076,1909f56bfc062723c751e8b465ee728b)  -> (artifact id: '4abfff222fd3222ebc825ef096f69930') in 0.003002 seconds
  Import took 0.006515 seconds .

========================================================================
Received Prepare
Registering precompiled user dll's ...
Registered in 0.000976 seconds.
Begin MonoManager ReloadAssembly
Native extension for WindowsStandalone target not found
Refreshing native plugins compatible for Editor in 0.37 ms, found 0 plugins.
Preloading 0 native plugins for Editor in 0.00 ms.
Invoked RoslynAnalysisRunner static constructor.
RoslynAnalysisRunner will not be running.
RoslynAnalysisRunner has terminated.
Mono: successfully reloaded assembly
- Completed reload, in  1.129 seconds
Platform modules already initialized, skipping
Refreshing native plugins compatible for Editor in 0.36 ms, found 0 plugins.
Preloading 0 native plugins for Editor in 0.00 ms.
Unloading 1406 Unused Serialized files (Serialized files now loaded: 0)
System memory in use before: 68.5 MB.
System memory in use after: 68.6 MB.

Unloading 5 unused Assets to reduce memory usage. Loaded Objects now: 1859.
Total: 2.432600 ms (FindLiveObjects: 0.313900 ms CreateObjectMapping: 0.153700 ms MarkObjects: 1.945800 ms  DeleteObjects: 0.018000 ms)

========================================================================
Received Import Request.
  Time since last request: 81.538492 seconds.
  path: Assets/PlayerAction.inputactions
  artifactKey: Guid(da817086014c98f46a2b31b49dcfb1e9) Importer(815301076,1909f56bfc062723c751e8b465ee728b)
Start importing Assets/PlayerAction.inputactions using Guid(da817086014c98f46a2b31b49dcfb1e9) Importer(815301076,1909f56bfc062723c751e8b465ee728b)  -> (artifact id: '89d7660c42f11125d339ec4cf8e54ee4') in 0.027156 seconds
  Import took 0.030358 seconds .

========================================================================
Received Import Request.
  Time since last request: 4.321917 seconds.
  path: Assets/PlayerAction.inputactions
  artifactKey: Guid(da817086014c98f46a2b31b49dcfb1e9) Importer(815301076,1909f56bfc062723c751e8b465ee728b)
Start importing Assets/PlayerAction.inputactions using Guid(da817086014c98f46a2b31b49dcfb1e9) Importer(815301076,1909f56bfc062723c751e8b465ee728b)  -> (artifact id: '20c04d49666b11f231a3b1126c1c7ffa') in 0.004685 seconds
  Import took 0.008349 seconds .

========================================================================
Received Prepare
Registering precompiled user dll's ...
Registered in 0.001039 seconds.
Begin MonoManager ReloadAssembly
Native extension for WindowsStandalone target not found
Refreshing native plugins compatible for Editor in 0.37 ms, found 0 plugins.
Preloading 0 native plugins for Editor in 0.00 ms.
Invoked RoslynAnalysisRunner static constructor.
RoslynAnalysisRunner will not be running.
RoslynAnalysisRunner has terminated.
Mono: successfully reloaded assembly
- Completed reload, in  1.117 seconds
Platform modules already initialized, skipping
Refreshing native plugins compatible for Editor in 0.35 ms, found 0 plugins.
Preloading 0 native plugins for Editor in 0.00 ms.
Unloading 1407 Unused Serialized files (Serialized files now loaded: 0)
System memory in use before: 68.6 MB.
System memory in use after: 68.7 MB.

Unloading 5 unused Assets to reduce memory usage. Loaded Objects now: 1863.
Total: 2.322400 ms (FindLiveObjects: 0.185600 ms CreateObjectMapping: 0.062900 ms MarkObjects: 2.056600 ms  DeleteObjects: 0.016200 ms)

========================================================================
Received Import Request.
  Time since last request: 265.471895 seconds.
  path: Assets/PlayerAction.cs
  artifactKey: Guid(c13e4bbfc86a1474fbd3fc7860c23b35) Importer(815301076,1909f56bfc062723c751e8b465ee728b)
Start importing Assets/PlayerAction.cs using Guid(c13e4bbfc86a1474fbd3fc7860c23b35) Importer(815301076,1909f56bfc062723c751e8b465ee728b)  -> (artifact id: '20c2ea11cab1c8be7ac26d7c098899cd') in 0.010575 seconds
  Import took 0.013635 seconds .

========================================================================
Received Import Request.
  Time since last request: 0.030489 seconds.
  path: Assets/PlayerAction.cs
  artifactKey: Guid(c13e4bbfc86a1474fbd3fc7860c23b35) Importer(815301076,1909f56bfc062723c751e8b465ee728b)
Start importing Assets/PlayerAction.cs using Guid(c13e4bbfc86a1474fbd3fc7860c23b35) Importer(815301076,1909f56bfc062723c751e8b465ee728b)  -> (artifact id: '20c2ea11cab1c8be7ac26d7c098899cd') in 0.002546 seconds
  Import took 0.005487 seconds .

========================================================================
Received Import Request.
  Time since last request: 207.911095 seconds.
  path: ProjectSettings/TagManager.asset
  artifactKey: Guid(00000000000000003000000000000000) Importer(815301076,1909f56bfc062723c751e8b465ee728b)
Start importing ProjectSettings/TagManager.asset using Guid(00000000000000003000000000000000) Importer(815301076,1909f56bfc062723c751e8b465ee728b)  -> (artifact id: '9274ce4079a5137dd04f6e6c4d809583') in 0.024167 seconds
  Import took 0.028647 seconds .

========================================================================
Received Import Request.
  Time since last request: 0.001120 seconds.
  path: ProjectSettings/TagManager.asset
  artifactKey: Guid(00000000000000003000000000000000) Importer(815301076,1909f56bfc062723c751e8b465ee728b)
Start importing ProjectSettings/TagManager.asset using Guid(00000000000000003000000000000000) Importer(815301076,1909f56bfc062723c751e8b465ee728b)  -> (artifact id: '9274ce4079a5137dd04f6e6c4d809583') in 0.003704 seconds
  Import took 0.006829 seconds .

========================================================================
Received Prepare
Registering precompiled user dll's ...
Registered in 0.001402 seconds.
Begin MonoManager ReloadAssembly
Native extension for WindowsStandalone target not found
Refreshing native plugins compatible for Editor in 0.37 ms, found 0 plugins.
Preloading 0 native plugins for Editor in 0.00 ms.
Invoked RoslynAnalysisRunner static constructor.
RoslynAnalysisRunner will not be running.
RoslynAnalysisRunner has terminated.
Mono: successfully reloaded assembly
- Completed reload, in  1.128 seconds
Platform modules already initialized, skipping
Refreshing native plugins compatible for Editor in 0.37 ms, found 0 plugins.
Preloading 0 native plugins for Editor in 0.00 ms.
Unloading 1407 Unused Serialized files (Serialized files now loaded: 0)
System memory in use before: 68.6 MB.
System memory in use after: 68.7 MB.

Unloading 7 unused Assets to reduce memory usage. Loaded Objects now: 1866.
Total: 2.269100 ms (FindLiveObjects: 0.195700 ms CreateObjectMapping: 0.059400 ms MarkObjects: 1.993200 ms  DeleteObjects: 0.019700 ms)

========================================================================
Received Import Request.
  Time since last request: 331.665310 seconds.
  path: Assets/PlayerAction.inputactions
  artifactKey: Guid(da817086014c98f46a2b31b49dcfb1e9) Importer(815301076,1909f56bfc062723c751e8b465ee728b)
Start importing Assets/PlayerAction.inputactions using Guid(da817086014c98f46a2b31b49dcfb1e9) Importer(815301076,1909f56bfc062723c751e8b465ee728b)  -> (artifact id: '4cc942c47fe43370a5f6395662b60a0a') in 0.024095 seconds
  Import took 0.027266 seconds .

========================================================================
Received Prepare
Registering precompiled user dll's ...
Registered in 0.001041 seconds.
Begin MonoManager ReloadAssembly
Native extension for WindowsStandalone target not found
Refreshing native plugins compatible for Editor in 0.36 ms, found 0 plugins.
Preloading 0 native plugins for Editor in 0.00 ms.
Invoked RoslynAnalysisRunner static constructor.
RoslynAnalysisRunner will not be running.
RoslynAnalysisRunner has terminated.
Mono: successfully reloaded assembly
- Completed reload, in  1.129 seconds
Platform modules already initialized, skipping
Refreshing native plugins compatible for Editor in 0.35 ms, found 0 plugins.
Preloading 0 native plugins for Editor in 0.00 ms.
Unloading 1407 Unused Serialized files (Serialized files now loaded: 0)
System memory in use before: 68.6 MB.
System memory in use after: 68.7 MB.

Unloading 5 unused Assets to reduce memory usage. Loaded Objects now: 1869.
Total: 2.240200 ms (FindLiveObjects: 0.207200 ms CreateObjectMapping: 0.060300 ms MarkObjects: 1.954400 ms  DeleteObjects: 0.016800 ms)

========================================================================
Received Import Request.
  Time since last request: 6.086210 seconds.
  path: Assets/PlayerAction.inputactions
  artifactKey: Guid(da817086014c98f46a2b31b49dcfb1e9) Importer(815301076,1909f56bfc062723c751e8b465ee728b)
Start importing Assets/PlayerAction.inputactions using Guid(da817086014c98f46a2b31b49dcfb1e9) Importer(815301076,1909f56bfc062723c751e8b465ee728b)  -> (artifact id: '895a3452dc008eddd970f31a15a07c8f') in 0.022247 seconds
  Import took 0.025711 seconds .

========================================================================
Received Prepare
Registering precompiled user dll's ...
Registered in 0.001086 seconds.
Begin MonoManager ReloadAssembly
Native extension for WindowsStandalone target not found
Refreshing native plugins compatible for Editor in 0.36 ms, found 0 plugins.
Preloading 0 native plugins for Editor in 0.00 ms.
Invoked RoslynAnalysisRunner static constructor.
RoslynAnalysisRunner will not be running.
RoslynAnalysisRunner has terminated.
Mono: successfully reloaded assembly
- Completed reload, in  1.133 seconds
Platform modules already initialized, skipping
Refreshing native plugins compatible for Editor in 0.35 ms, found 0 plugins.
Preloading 0 native plugins for Editor in 0.00 ms.
Unloading 1407 Unused Serialized files (Serialized files now loaded: 0)
System memory in use before: 68.6 MB.
System memory in use after: 68.7 MB.

Unloading 5 unused Assets to reduce memory usage. Loaded Objects now: 1872.
Total: 2.282500 ms (FindLiveObjects: 0.282400 ms CreateObjectMapping: 0.076000 ms MarkObjects: 1.900100 ms  DeleteObjects: 0.022700 ms)

========================================================================
Received Import Request.
  Time since last request: 6.384020 seconds.
  path: Assets/PlayerAction.inputactions
  artifactKey: Guid(da817086014c98f46a2b31b49dcfb1e9) Importer(815301076,1909f56bfc062723c751e8b465ee728b)
Start importing Assets/PlayerAction.inputactions using Guid(da817086014c98f46a2b31b49dcfb1e9) Importer(815301076,1909f56bfc062723c751e8b465ee728b)  -> (artifact id: '4ef7aac6ff8cb4a88eaddf78b06298a3') in 0.021914 seconds
  Import took 0.025060 seconds .

========================================================================
Received Import Request.
  Time since last request: 0.006637 seconds.
  path: Assets/PlayerAction.inputactions
  artifactKey: Guid(da817086014c98f46a2b31b49dcfb1e9) Importer(815301076,1909f56bfc062723c751e8b465ee728b)
Start importing Assets/PlayerAction.inputactions using Guid(da817086014c98f46a2b31b49dcfb1e9) Importer(815301076,1909f56bfc062723c751e8b465ee728b)  -> (artifact id: '4ef7aac6ff8cb4a88eaddf78b06298a3') in 0.004302 seconds
  Import took 0.007195 seconds .

========================================================================
Received Prepare
Registering precompiled user dll's ...
Registered in 0.001080 seconds.
Begin MonoManager ReloadAssembly
Native extension for WindowsStandalone target not found
Refreshing native plugins compatible for Editor in 0.36 ms, found 0 plugins.
Preloading 0 native plugins for Editor in 0.00 ms.
Invoked RoslynAnalysisRunner static constructor.
RoslynAnalysisRunner will not be running.
RoslynAnalysisRunner has terminated.
Mono: successfully reloaded assembly
- Completed reload, in  1.138 seconds
Platform modules already initialized, skipping
Refreshing native plugins compatible for Editor in 0.35 ms, found 0 plugins.
Preloading 0 native plugins for Editor in 0.00 ms.
Unloading 1407 Unused Serialized files (Serialized files now loaded: 0)
System memory in use before: 68.6 MB.
System memory in use after: 68.7 MB.

Unloading 5 unused Assets to reduce memory usage. Loaded Objects now: 1875.
Total: 2.370600 ms (FindLiveObjects: 0.237600 ms CreateObjectMapping: 0.068700 ms MarkObjects: 2.046900 ms  DeleteObjects: 0.016300 ms)

========================================================================
Received Import Request.
  Time since last request: 16.798662 seconds.
  path: Assets/PlayerAction.inputactions
  artifactKey: Guid(da817086014c98f46a2b31b49dcfb1e9) Importer(815301076,1909f56bfc062723c751e8b465ee728b)
Start importing Assets/PlayerAction.inputactions using Guid(da817086014c98f46a2b31b49dcfb1e9) Importer(815301076,1909f56bfc062723c751e8b465ee728b)  -> (artifact id: 'a4f661b0d5a3527ea153b1c21f2314b0') in 0.022353 seconds
  Import took 0.025784 seconds .

========================================================================
Received Import Request.
  Time since last request: 0.008129 seconds.
  path: Assets/PlayerAction.inputactions
  artifactKey: Guid(da817086014c98f46a2b31b49dcfb1e9) Importer(815301076,1909f56bfc062723c751e8b465ee728b)
Start importing Assets/PlayerAction.inputactions using Guid(da817086014c98f46a2b31b49dcfb1e9) Importer(815301076,1909f56bfc062723c751e8b465ee728b)  -> (artifact id: 'a4f661b0d5a3527ea153b1c21f2314b0') in 0.004279 seconds
  Import took 0.007340 seconds .

========================================================================
Received Prepare
Registering precompiled user dll's ...
Registered in 0.001034 seconds.
Begin MonoManager ReloadAssembly
Native extension for WindowsStandalone target not found
Refreshing native plugins compatible for Editor in 0.37 ms, found 0 plugins.
Preloading 0 native plugins for Editor in 0.00 ms.
Invoked RoslynAnalysisRunner static constructor.
RoslynAnalysisRunner will not be running.
RoslynAnalysisRunner has terminated.
Mono: successfully reloaded assembly
- Completed reload, in  1.126 seconds
Platform modules already initialized, skipping
Refreshing native plugins compatible for Editor in 0.35 ms, found 0 plugins.
Preloading 0 native plugins for Editor in 0.00 ms.
Unloading 1407 Unused Serialized files (Serialized files now loaded: 0)
System memory in use before: 68.6 MB.
System memory in use after: 68.7 MB.

Unloading 5 unused Assets to reduce memory usage. Loaded Objects now: 1878.
Total: 2.203000 ms (FindLiveObjects: 0.206100 ms CreateObjectMapping: 0.063200 ms MarkObjects: 1.915300 ms  DeleteObjects: 0.017400 ms)

========================================================================
Received Import Request.
  Time since last request: 46.094823 seconds.
  path: Assets/PlayerAction.inputactions
  artifactKey: Guid(da817086014c98f46a2b31b49dcfb1e9) Importer(815301076,1909f56bfc062723c751e8b465ee728b)
Start importing Assets/PlayerAction.inputactions using Guid(da817086014c98f46a2b31b49dcfb1e9) Importer(815301076,1909f56bfc062723c751e8b465ee728b)  -> (artifact id: '4d12b1c5c7ff46c7a115f6a0b33823d4') in 0.021714 seconds
  Import took 0.025145 seconds .

========================================================================
Received Import Request.
  Time since last request: 0.184060 seconds.
  path: Assets/PlayerAction.inputactions
  artifactKey: Guid(da817086014c98f46a2b31b49dcfb1e9) Importer(815301076,1909f56bfc062723c751e8b465ee728b)
Start importing Assets/PlayerAction.inputactions using Guid(da817086014c98f46a2b31b49dcfb1e9) Importer(815301076,1909f56bfc062723c751e8b465ee728b)  -> (artifact id: '4d12b1c5c7ff46c7a115f6a0b33823d4') in 0.004435 seconds
  Import took 0.008503 seconds .

========================================================================
Received Prepare
Registering precompiled user dll's ...
Registered in 0.000992 seconds.
Begin MonoManager ReloadAssembly
Native extension for WindowsStandalone target not found
Refreshing native plugins compatible for Editor in 0.36 ms, found 0 plugins.
Preloading 0 native plugins for Editor in 0.00 ms.
Invoked RoslynAnalysisRunner static constructor.
RoslynAnalysisRunner will not be running.
RoslynAnalysisRunner has terminated.
Mono: successfully reloaded assembly
- Completed reload, in  1.117 seconds
Platform modules already initialized, skipping
Refreshing native plugins compatible for Editor in 0.35 ms, found 0 plugins.
Preloading 0 native plugins for Editor in 0.00 ms.
Unloading 1407 Unused Serialized files (Serialized files now loaded: 0)
System memory in use before: 68.6 MB.
System memory in use after: 68.7 MB.

Unloading 5 unused Assets to reduce memory usage. Loaded Objects now: 1881.
Total: 2.289600 ms (FindLiveObjects: 0.163400 ms CreateObjectMapping: 0.058500 ms MarkObjects: 2.050500 ms  DeleteObjects: 0.016200 ms)

========================================================================
Received Import Request.
  Time since last request: 9.611446 seconds.
  path: Assets/PlayerAction.inputactions
  artifactKey: Guid(da817086014c98f46a2b31b49dcfb1e9) Importer(815301076,1909f56bfc062723c751e8b465ee728b)
Start importing Assets/PlayerAction.inputactions using Guid(da817086014c98f46a2b31b49dcfb1e9) Importer(815301076,1909f56bfc062723c751e8b465ee728b)  -> (artifact id: '20953130dfcc65ea30b534891b6f00e8') in 0.024585 seconds
  Import took 0.028380 seconds .

========================================================================
Received Prepare
Registering precompiled user dll's ...
Registered in 0.001444 seconds.
Begin MonoManager ReloadAssembly
Native extension for WindowsStandalone target not found
Refreshing native plugins compatible for Editor in 0.36 ms, found 0 plugins.
Preloading 0 native plugins for Editor in 0.00 ms.
Invoked RoslynAnalysisRunner static constructor.
RoslynAnalysisRunner will not be running.
RoslynAnalysisRunner has terminated.
Mono: successfully reloaded assembly
- Completed reload, in  1.137 seconds
Platform modules already initialized, skipping
Refreshing native plugins compatible for Editor in 0.39 ms, found 0 plugins.
Preloading 0 native plugins for Editor in 0.00 ms.
Unloading 1407 Unused Serialized files (Serialized files now loaded: 0)
System memory in use before: 68.6 MB.
System memory in use after: 68.7 MB.

Unloading 5 unused Assets to reduce memory usage. Loaded Objects now: 1884.
Total: 2.248200 ms (FindLiveObjects: 0.167500 ms CreateObjectMapping: 0.059800 ms MarkObjects: 2.002700 ms  DeleteObjects: 0.016900 ms)

========================================================================
Received Import Request.
  Time since last request: 15.623190 seconds.
  path: Assets/PlayerAction.inputactions
  artifactKey: Guid(da817086014c98f46a2b31b49dcfb1e9) Importer(815301076,1909f56bfc062723c751e8b465ee728b)
Start importing Assets/PlayerAction.inputactions using Guid(da817086014c98f46a2b31b49dcfb1e9) Importer(815301076,1909f56bfc062723c751e8b465ee728b)  -> (artifact id: '92f4ba2a1d51521029453f37a87b7763') in 0.024356 seconds
  Import took 0.028283 seconds .

========================================================================
Received Import Request.
  Time since last request: 0.079292 seconds.
  path: Assets/PlayerAction.inputactions
  artifactKey: Guid(da817086014c98f46a2b31b49dcfb1e9) Importer(815301076,1909f56bfc062723c751e8b465ee728b)
Start importing Assets/PlayerAction.inputactions using Guid(da817086014c98f46a2b31b49dcfb1e9) Importer(815301076,1909f56bfc062723c751e8b465ee728b)  -> (artifact id: '92f4ba2a1d51521029453f37a87b7763') in 0.004434 seconds
  Import took 0.007543 seconds .

========================================================================
Received Prepare
Registering precompiled user dll's ...
Registered in 0.001032 seconds.
Begin MonoManager ReloadAssembly
Native extension for WindowsStandalone target not found
Refreshing native plugins compatible for Editor in 0.37 ms, found 0 plugins.
Preloading 0 native plugins for Editor in 0.00 ms.
Invoked RoslynAnalysisRunner static constructor.
RoslynAnalysisRunner will not be running.
RoslynAnalysisRunner has terminated.
Mono: successfully reloaded assembly
- Completed reload, in  1.115 seconds
Platform modules already initialized, skipping
Refreshing native plugins compatible for Editor in 0.34 ms, found 0 plugins.
Preloading 0 native plugins for Editor in 0.00 ms.
Unloading 1407 Unused Serialized files (Serialized files now loaded: 0)
System memory in use before: 68.6 MB.
System memory in use after: 68.7 MB.

Unloading 5 unused Assets to reduce memory usage. Loaded Objects now: 1887.
Total: 2.136400 ms (FindLiveObjects: 0.168300 ms CreateObjectMapping: 0.061100 ms MarkObjects: 1.889900 ms  DeleteObjects: 0.016300 ms)

========================================================================
Received Import Request.
  Time since last request: 56.057587 seconds.
  path: Assets/PlayerAction.inputactions
  artifactKey: Guid(da817086014c98f46a2b31b49dcfb1e9) Importer(815301076,1909f56bfc062723c751e8b465ee728b)
Start importing Assets/PlayerAction.inputactions using Guid(da817086014c98f46a2b31b49dcfb1e9) Importer(815301076,1909f56bfc062723c751e8b465ee728b)  -> (artifact id: '3514d086fee1a98715dfa9c98dcf3f1f') in 0.022848 seconds
  Import took 0.026916 seconds .

========================================================================
Received Import Request.
  Time since last request: 0.199662 seconds.
  path: Assets/PlayerAction.inputactions
  artifactKey: Guid(da817086014c98f46a2b31b49dcfb1e9) Importer(815301076,1909f56bfc062723c751e8b465ee728b)
Start importing Assets/PlayerAction.inputactions using Guid(da817086014c98f46a2b31b49dcfb1e9) Importer(815301076,1909f56bfc062723c751e8b465ee728b)  -> (artifact id: '3514d086fee1a98715dfa9c98dcf3f1f') in 0.004376 seconds
  Import took 0.007637 seconds .

========================================================================
Received Prepare
Registering precompiled user dll's ...
Registered in 0.001026 seconds.
Begin MonoManager ReloadAssembly
Native extension for WindowsStandalone target not found
Refreshing native plugins compatible for Editor in 0.36 ms, found 0 plugins.
Preloading 0 native plugins for Editor in 0.00 ms.
Invoked RoslynAnalysisRunner static constructor.
RoslynAnalysisRunner will not be running.
RoslynAnalysisRunner has terminated.
Mono: successfully reloaded assembly
- Completed reload, in  1.126 seconds
Platform modules already initialized, skipping
Refreshing native plugins compatible for Editor in 0.39 ms, found 0 plugins.
Preloading 0 native plugins for Editor in 0.00 ms.
Unloading 1407 Unused Serialized files (Serialized files now loaded: 0)
System memory in use before: 68.7 MB.
System memory in use after: 68.8 MB.

Unloading 5 unused Assets to reduce memory usage. Loaded Objects now: 1890.
Total: 2.290100 ms (FindLiveObjects: 0.178000 ms CreateObjectMapping: 0.074400 ms MarkObjects: 2.018600 ms  DeleteObjects: 0.017600 ms)

========================================================================
Received Prepare
Registering precompiled user dll's ...
Registered in 0.001011 seconds.
Begin MonoManager ReloadAssembly
Native extension for WindowsStandalone target not found
Refreshing native plugins compatible for Editor in 0.36 ms, found 0 plugins.
Preloading 0 native plugins for Editor in 0.00 ms.
Invoked RoslynAnalysisRunner static constructor.
RoslynAnalysisRunner will not be running.
RoslynAnalysisRunner has terminated.
Mono: successfully reloaded assembly
- Completed reload, in  1.118 seconds
Platform modules already initialized, skipping
Refreshing native plugins compatible for Editor in 0.35 ms, found 0 plugins.
Preloading 0 native plugins for Editor in 0.00 ms.
Unloading 1407 Unused Serialized files (Serialized files now loaded: 0)
System memory in use before: 68.7 MB.
System memory in use after: 68.8 MB.

Unloading 5 unused Assets to reduce memory usage. Loaded Objects now: 1893.
Total: 2.271800 ms (FindLiveObjects: 0.215100 ms CreateObjectMapping: 0.078100 ms MarkObjects: 1.957400 ms  DeleteObjects: 0.020100 ms)

AssetImportWorkerClient::OnTransportError - code=2 error=End of file
